Using pre-set license
Built from '2021.3/staging' branch; Version is '2021.3.26f1 (a16dc32e0ff2) revision 10579395'; Using compiler version '192829333'; Build Type 'Release'
OS: 'Windows 11  (10.0.22621) 64bit Core' Language: 'ko' Physical Memory: 32435 MB
BatchMode: 1, IsHumanControllingUs: 0, StartBugReporterOnCrash: 0, Is64bit: 1, IsPro: 1

COMMAND LINE ARGUMENTS:
C:\Program Files\Unity\Hub\Editor\2021.3.26f1\Editor\Unity.exe
-adb2
-batchMode
-noUpm
-name
AssetImportWorker3
-projectPath
C:/unityproj/4project
-logFile
Logs/AssetImportWorker3.log
-srvPort
56336
Successfully changed project path to: C:/unityproj/4project
C:/unityproj/4project
[UnityMemory] Configuration Parameters - Can be set up in boot.config
    "memorysetup-bucket-allocator-granularity=16"
    "memorysetup-bucket-allocator-bucket-count=8"
    "memorysetup-bucket-allocator-block-size=33554432"
    "memorysetup-bucket-allocator-block-count=8"
    "memorysetup-main-allocator-block-size=16777216"
    "memorysetup-thread-allocator-block-size=16777216"
    "memorysetup-gfx-main-allocator-block-size=16777216"
    "memorysetup-gfx-thread-allocator-block-size=16777216"
    "memorysetup-cache-allocator-block-size=4194304"
    "memorysetup-typetree-allocator-block-size=2097152"
    "memorysetup-profiler-bucket-allocator-granularity=16"
    "memorysetup-profiler-bucket-allocator-bucket-count=8"
    "memorysetup-profiler-bucket-allocator-block-size=33554432"
    "memorysetup-profiler-bucket-allocator-block-count=8"
    "memorysetup-profiler-allocator-block-size=16777216"
    "memorysetup-profiler-editor-allocator-block-size=1048576"
    "memorysetup-temp-allocator-size-main=16777216"
    "memorysetup-job-temp-allocator-block-size=2097152"
    "memorysetup-job-temp-allocator-block-size-background=1048576"
    "memorysetup-job-temp-allocator-reduction-small-platforms=262144"
    "memorysetup-temp-allocator-size-background-worker=32768"
    "memorysetup-temp-allocator-size-job-worker=262144"
    "memorysetup-temp-allocator-size-preload-manager=33554432"
    "memorysetup-temp-allocator-size-nav-mesh-worker=65536"
    "memorysetup-temp-allocator-size-audio-worker=65536"
    "memorysetup-temp-allocator-size-cloud-worker=32768"
    "memorysetup-temp-allocator-size-gi-baking-worker=262144"
    "memorysetup-temp-allocator-size-gfx=262144"
Player connection [21300] Host "[IP] 192.168.0.26 [Port] 0 [Flags] 2 [Guid] 2195289948 [EditorId] 2195289948 [Version] 1048832 [Id] WindowsEditor(7,LAPTOP-O91Q221D) [Debug] 1 [PackageName] WindowsEditor [ProjectName] Editor" joined multi-casting on [225.0.0.222:54997]...

Player connection [21300] Host "[IP] 192.168.0.26 [Port] 0 [Flags] 2 [Guid] 2195289948 [EditorId] 2195289948 [Version] 1048832 [Id] WindowsEditor(7,LAPTOP-O91Q221D) [Debug] 1 [PackageName] WindowsEditor [ProjectName] Editor" joined alternative multi-casting on [225.0.0.222:34997]...

Refreshing native plugins compatible for Editor in 58.61 ms, found 3 plugins.
Preloading 0 native plugins for Editor in 0.00 ms.
Initialize engine version: 2021.3.26f1 (a16dc32e0ff2)
[Subsystems] Discovering subsystems at path C:/Program Files/Unity/Hub/Editor/2021.3.26f1/Editor/Data/Resources/UnitySubsystems
[Subsystems] Discovering subsystems at path C:/unityproj/4project/Assets
GfxDevice: creating device client; threaded=0; jobified=0
Direct3D:
    Version:  Direct3D 11.0 [level 11.1]
    Renderer: NVIDIA GeForce RTX 3070 Ti Laptop GPU (ID=0x24e0)
    Vendor:   NVIDIA
    VRAM:     8032 MB
    Driver:   31.0.15.3667
Initialize mono
Mono path[0] = 'C:/Program Files/Unity/Hub/Editor/2021.3.26f1/Editor/Data/Managed'
Mono path[1] = 'C:/Program Files/Unity/Hub/Editor/2021.3.26f1/Editor/Data/MonoBleedingEdge/lib/mono/unityjit-win32'
Mono config path = 'C:/Program Files/Unity/Hub/Editor/2021.3.26f1/Editor/Data/MonoBleedingEdge/etc'
Using monoOptions --debugger-agent=transport=dt_socket,embedding=1,server=y,suspend=n,address=127.0.0.1:56512
Begin MonoManager ReloadAssembly
Registering precompiled unity dll's ...
Register platform support module: C:/Program Files/Unity/Hub/Editor/2021.3.26f1/Editor/Data/PlaybackEngines/WindowsStandaloneSupport/UnityEditor.WindowsStandalone.Extensions.dll
Registered in 0.002949 seconds.
Native extension for WindowsStandalone target not found
Refreshing native plugins compatible for Editor in 44.60 ms, found 3 plugins.
Preloading 0 native plugins for Editor in 0.00 ms.
Mono: successfully reloaded assembly
- Completed reload, in  0.593 seconds
Domain Reload Profiling:
	ReloadAssembly (593ms)
		BeginReloadAssembly (111ms)
			ExecutionOrderSort (0ms)
			DisableScriptedObjects (0ms)
			BackupInstance (0ms)
			ReleaseScriptingObjects (0ms)
			CreateAndSetChildDomain (1ms)
		EndReloadAssembly (393ms)
			LoadAssemblies (109ms)
			RebuildTransferFunctionScriptingTraits (0ms)
			SetupTypeCache (126ms)
			ReleaseScriptCaches (0ms)
			RebuildScriptCaches (23ms)
			SetupLoadedEditorAssemblies (198ms)
				LogAssemblyErrors (0ms)
				InitializePlatformSupportModulesInManaged (7ms)
				SetLoadedEditorAssemblies (0ms)
				RefreshPlugins (45ms)
				BeforeProcessingInitializeOnLoad (1ms)
				ProcessInitializeOnLoadAttributes (104ms)
				ProcessInitializeOnLoadMethodAttributes (41ms)
				AfterProcessingInitializeOnLoad (0ms)
				EditorAssembliesLoaded (0ms)
			ExecutionOrderSort2 (0ms)
			AwakeInstancesAfterBackupRestoration (0ms)
Platform modules already initialized, skipping
Registering precompiled user dll's ...
Registered in 0.002919 seconds.
Begin MonoManager ReloadAssembly
Symbol file LoadedFromMemory doesn't match image C:\unityproj\4project\Library\PackageCache\com.unity.visualscripting@1.8.0\Editor\VisualScripting.Core\Dependencies\YamlDotNet\Unity.VisualScripting.YamlDotNet.dll
Symbol file LoadedFromMemory doesn't match image C:\unityproj\4project\Library\PackageCache\com.unity.visualscripting@1.8.0\Editor\VisualScripting.Core\Dependencies\DotNetZip\Unity.VisualScripting.IonicZip.dll
Native extension for WindowsStandalone target not found
Refreshing native plugins compatible for Editor in 0.35 ms, found 3 plugins.
Preloading 0 native plugins for Editor in 0.00 ms.
Mono: successfully reloaded assembly
- Completed reload, in  0.713 seconds
Domain Reload Profiling:
	ReloadAssembly (714ms)
		BeginReloadAssembly (84ms)
			ExecutionOrderSort (0ms)
			DisableScriptedObjects (4ms)
			BackupInstance (0ms)
			ReleaseScriptingObjects (0ms)
			CreateAndSetChildDomain (14ms)
		EndReloadAssembly (554ms)
			LoadAssemblies (56ms)
			RebuildTransferFunctionScriptingTraits (0ms)
			SetupTypeCache (231ms)
			ReleaseScriptCaches (0ms)
			RebuildScriptCaches (32ms)
			SetupLoadedEditorAssemblies (216ms)
				LogAssemblyErrors (0ms)
				InitializePlatformSupportModulesInManaged (3ms)
				SetLoadedEditorAssemblies (0ms)
				RefreshPlugins (0ms)
				BeforeProcessingInitializeOnLoad (46ms)
				ProcessInitializeOnLoadAttributes (149ms)
				ProcessInitializeOnLoadMethodAttributes (13ms)
				AfterProcessingInitializeOnLoad (3ms)
				EditorAssembliesLoaded (0ms)
			ExecutionOrderSort2 (0ms)
			AwakeInstancesAfterBackupRestoration (4ms)
Platform modules already initialized, skipping
========================================================================
Worker process is ready to serve import requests
Launched and connected shader compiler UnityShaderCompiler.exe after 0.05 seconds
Refreshing native plugins compatible for Editor in 0.40 ms, found 3 plugins.
Preloading 0 native plugins for Editor in 0.00 ms.
Unloading 3051 Unused Serialized files (Serialized files now loaded: 0)
Unloading 22 unused Assets / (56.1 KB). Loaded Objects now: 3514.
Memory consumption went from 108.0 MB to 107.9 MB.
Total: 3.076600 ms (FindLiveObjects: 0.175500 ms CreateObjectMapping: 0.070800 ms MarkObjects: 2.735600 ms  DeleteObjects: 0.093400 ms)

AssetImportParameters requested are different than current active one (requested -> active):
  custom:video-decoder-ogg-theora: a1e56fd34408186e4bbccfd4996cb3dc -> 
  custom:container-muxer-webm: aa71ff27fc2769a1b78a27578f13a17b -> 
  custom:container-demuxer-webm: 4f35f7cbe854078d1ac9338744f61a02 -> 
  custom:video-encoder-webm-vp8: eb34c28f22e8b96e1ab97ce403110664 -> 
  custom:video-codec-MediaFoundation-h265: 746d11721c4dcdbdad8f713fa42b33f4 -> 
  custom:audio-encoder-webm-vorbis: bf7c407c2cedff20999df2af8eb42d56 -> 
  custom:framework-win-MediaFoundation: 216162199b28c13a410421893ffa2e32 -> 
  custom:container-demuxer-ogg: 62fdf1f143b41e24485cea50d1cbac27 -> 
  custom:video-decoder-webm-vp8: 9c59270c3fd7afecdb556c50c9e8de78 -> 
  custom:audio-decoder-ogg-vorbis: bf7c407c2cedff20999df2af8eb42d56 -> 
========================================================================
Received Import Request.
  Time since last request: 13938.111343 seconds.
  path: Assets/material/uck_hm_chocoroad02_alb.png
  artifactKey: Guid(23e39dbaee75cc44dbe1f26dc9674ac2) Importer(815301076,1909f56bfc062723c751e8b465ee728b)
Start importing Assets/material/uck_hm_chocoroad02_alb.png using Guid(23e39dbaee75cc44dbe1f26dc9674ac2) Importer(815301076,1909f56bfc062723c751e8b465ee728b)  -> (artifact id: 'bab974f1096da11e49b30c5702eb99b0') in 0.086189 seconds 
========================================================================
Received Import Request.
  Time since last request: 0.000023 seconds.
  path: Assets/material/uck_hm_donutscombg01_nrm.png
  artifactKey: Guid(b9513412b34a7a94a9092f6258c87ba7) Importer(815301076,1909f56bfc062723c751e8b465ee728b)
Start importing Assets/material/uck_hm_donutscombg01_nrm.png using Guid(b9513412b34a7a94a9092f6258c87ba7) Importer(815301076,1909f56bfc062723c751e8b465ee728b)  -> (artifact id: '885b0453c50515a2d886f95d91fe11c6') in 0.014671 seconds 
========================================================================
Received Import Request.
  Time since last request: 0.000048 seconds.
  path: Assets/material/uck_hm_donutscombg01_alb.png
  artifactKey: Guid(70e4c027ac9eff04888177d2fdb1baee) Importer(815301076,1909f56bfc062723c751e8b465ee728b)
Start importing Assets/material/uck_hm_donutscombg01_alb.png using Guid(70e4c027ac9eff04888177d2fdb1baee) Importer(815301076,1909f56bfc062723c751e8b465ee728b)  -> (artifact id: 'dddeae3455f2fc1c299853b9e87517a3') in 0.014189 seconds 
========================================================================
Received Import Request.
  Time since last request: 0.000019 seconds.
  path: Assets/material/uck_hm_creamwall01_nrm.png
  artifactKey: Guid(3b7e4615b900c9e4998ad62f27a848e7) Importer(815301076,1909f56bfc062723c751e8b465ee728b)
Start importing Assets/material/uck_hm_creamwall01_nrm.png using Guid(3b7e4615b900c9e4998ad62f27a848e7) Importer(815301076,1909f56bfc062723c751e8b465ee728b)  -> (artifact id: '0ee0a0a909a554eae49b01111add0109') in 0.015053 seconds 
========================================================================
Received Import Request.
  Time since last request: 0.664317 seconds.
  path: Assets/material/uck_hm_mount02b_ue1_alb.png
  artifactKey: Guid(08c85573ba84a81458537486d749c2ee) Importer(815301076,1909f56bfc062723c751e8b465ee728b)
Start importing Assets/material/uck_hm_mount02b_ue1_alb.png using Guid(08c85573ba84a81458537486d749c2ee) Importer(815301076,1909f56bfc062723c751e8b465ee728b)  -> (artifact id: 'a880adbae43799514569d8246ae665e8') in 0.023735 seconds 
========================================================================
Received Import Request.
  Time since last request: 0.000018 seconds.
  path: Assets/material/uck_hm_paperwall01a_nrm.png
  artifactKey: Guid(f14cdd8abacdef742a1125e916215b04) Importer(815301076,1909f56bfc062723c751e8b465ee728b)
Start importing Assets/material/uck_hm_paperwall01a_nrm.png using Guid(f14cdd8abacdef742a1125e916215b04) Importer(815301076,1909f56bfc062723c751e8b465ee728b)  -> (artifact id: '6c74c572c07bd24bbe03f75c51a0c2cb') in 0.016277 seconds 
========================================================================
Received Import Request.
  Time since last request: 8.315283 seconds.
  path: Assets/material/uck_hm_seatboxa01_spm.png
  artifactKey: Guid(f612d16c77ef30f41a799b6fa955fb17) Importer(815301076,1909f56bfc062723c751e8b465ee728b)
Start importing Assets/material/uck_hm_seatboxa01_spm.png using Guid(f612d16c77ef30f41a799b6fa955fb17) Importer(815301076,1909f56bfc062723c751e8b465ee728b)  -> (artifact id: '6f6b6f67f9c7e2eaba4c40777c3ee772') in 0.022654 seconds 
========================================================================
Received Import Request.
  Time since last request: 0.000016 seconds.
  path: Assets/material/uck_hm_sponge01a_nrm.png
  artifactKey: Guid(d5dff5e72c6b53948a7772fbb8797d0e) Importer(815301076,1909f56bfc062723c751e8b465ee728b)
Start importing Assets/material/uck_hm_sponge01a_nrm.png using Guid(d5dff5e72c6b53948a7772fbb8797d0e) Importer(815301076,1909f56bfc062723c751e8b465ee728b)  -> (artifact id: '8dc5146ea027bbdf9b874f103755014a') in 0.023148 seconds 
========================================================================
Received Import Request.
  Time since last request: 0.000022 seconds.
  path: Assets/material/uck_hm_seatboxa02_nrm.png
  artifactKey: Guid(a0310cec80c5f00488fb82c037bfbafd) Importer(815301076,1909f56bfc062723c751e8b465ee728b)
Start importing Assets/material/uck_hm_seatboxa02_nrm.png using Guid(a0310cec80c5f00488fb82c037bfbafd) Importer(815301076,1909f56bfc062723c751e8b465ee728b)  -> (artifact id: 'b9ffc6fed863ef65a79e80a483e82b3c') in 0.017841 seconds 
========================================================================
Received Import Request.
  Time since last request: 0.000018 seconds.
  path: Assets/material/uck_hm_wafflemiddle02_nrm.png
  artifactKey: Guid(27280d9da2e146f419e602c24d61912a) Importer(815301076,1909f56bfc062723c751e8b465ee728b)
Start importing Assets/material/uck_hm_wafflemiddle02_nrm.png using Guid(27280d9da2e146f419e602c24d61912a) Importer(815301076,1909f56bfc062723c751e8b465ee728b)  -> (artifact id: '8932924ac09a17cbc67e4f85cec14594') in 0.021151 seconds 
========================================================================
Received Import Request.
  Time since last request: 0.000027 seconds.
  path: Assets/material/uck_hm_seatlabela01_nrm.png
  artifactKey: Guid(ecddda93df9f22643ac42265ff935a68) Importer(815301076,1909f56bfc062723c751e8b465ee728b)
Start importing Assets/material/uck_hm_seatlabela01_nrm.png using Guid(ecddda93df9f22643ac42265ff935a68) Importer(815301076,1909f56bfc062723c751e8b465ee728b)  -> (artifact id: '0426df0e47a652d7d3eab7ad60f77a65') in 0.015278 seconds 
========================================================================
Received Import Request.
  Time since last request: 0.000017 seconds.
  path: Assets/material/uck_tr_arazan002_spm.png
  artifactKey: Guid(60baa829f6c79f047a4944795db3b723) Importer(815301076,1909f56bfc062723c751e8b465ee728b)
Start importing Assets/material/uck_tr_arazan002_spm.png using Guid(60baa829f6c79f047a4944795db3b723) Importer(815301076,1909f56bfc062723c751e8b465ee728b)  -> (artifact id: '244cbfb9028c52e856cf627dd40cb2a7') in 0.017426 seconds 
========================================================================
Received Import Request.
  Time since last request: 0.000021 seconds.
  path: Assets/material/uck_tr_cakefilm001_alb.png
  artifactKey: Guid(fc079867cd3ce654ca655ae42b96869c) Importer(815301076,1909f56bfc062723c751e8b465ee728b)
Start importing Assets/material/uck_tr_cakefilm001_alb.png using Guid(fc079867cd3ce654ca655ae42b96869c) Importer(815301076,1909f56bfc062723c751e8b465ee728b)  -> (artifact id: 'fc68090e8e70b23887aeb66d4fe077ce') in 0.026616 seconds 
========================================================================
Received Import Request.
  Time since last request: 0.000033 seconds.
  path: Assets/material/uck_hm_startgrid01_spm.png
  artifactKey: Guid(10910d4317fadc14b8c42f1bf535628a) Importer(815301076,1909f56bfc062723c751e8b465ee728b)
Start importing Assets/material/uck_hm_startgrid01_spm.png using Guid(10910d4317fadc14b8c42f1bf535628a) Importer(815301076,1909f56bfc062723c751e8b465ee728b)  -> (artifact id: '11c1c90d53b441c72bfeafd187919e49') in 0.024573 seconds 
========================================================================
Received Import Request.
  Time since last request: 0.000021 seconds.
  path: Assets/material/uck_hm_seatboxc01_nrm.png
  artifactKey: Guid(04fb79551e55d4149a4197946f254269) Importer(815301076,1909f56bfc062723c751e8b465ee728b)
Start importing Assets/material/uck_hm_seatboxc01_nrm.png using Guid(04fb79551e55d4149a4197946f254269) Importer(815301076,1909f56bfc062723c751e8b465ee728b)  -> (artifact id: 'f692686e8011c7a9b73e3c79b3c5c3e4') in 0.018836 seconds 
========================================================================
Received Import Request.
  Time since last request: 0.000016 seconds.
  path: Assets/material/uck_hm_tunnelwall01_nrm.png
  artifactKey: Guid(6c916e35c34983646a69f9be7ece24e5) Importer(815301076,1909f56bfc062723c751e8b465ee728b)
Start importing Assets/material/uck_hm_tunnelwall01_nrm.png using Guid(6c916e35c34983646a69f9be7ece24e5) Importer(815301076,1909f56bfc062723c751e8b465ee728b)  -> (artifact id: 'c9370aca49392640c0cea7c8b6e573a9') in 0.020128 seconds 
========================================================================
Received Import Request.
  Time since last request: 0.074579 seconds.
  path: Assets/material/uck_tr_candybelt001_spm.png
  artifactKey: Guid(e380db245e85bb74d86bb79d377e70bc) Importer(815301076,1909f56bfc062723c751e8b465ee728b)
Start importing Assets/material/uck_tr_candybelt001_spm.png using Guid(e380db245e85bb74d86bb79d377e70bc) Importer(815301076,1909f56bfc062723c751e8b465ee728b)  -> (artifact id: '91ff1bcef8ff8af966d0caf6b0d9cd39') in 0.017015 seconds 
========================================================================
Received Import Request.
  Time since last request: 0.000015 seconds.
  path: Assets/material/uck_tr_cream003_nrm.png
  artifactKey: Guid(43356be1e4b229048910b75882d17b1d) Importer(815301076,1909f56bfc062723c751e8b465ee728b)
Start importing Assets/material/uck_tr_cream003_nrm.png using Guid(43356be1e4b229048910b75882d17b1d) Importer(815301076,1909f56bfc062723c751e8b465ee728b)  -> (artifact id: 'ed90eb31a2bca8f31b8e5d603762e0e3') in 0.011984 seconds 
========================================================================
Received Import Request.
  Time since last request: 0.000018 seconds.
  path: Assets/material/uck_tr_candystick001_spm.png
  artifactKey: Guid(2d91195a6ed718348a2724d769ec3783) Importer(815301076,1909f56bfc062723c751e8b465ee728b)
Start importing Assets/material/uck_tr_candystick001_spm.png using Guid(2d91195a6ed718348a2724d769ec3783) Importer(815301076,1909f56bfc062723c751e8b465ee728b)  -> (artifact id: 'a6abed8ac57887fb7240584c47f452f2') in 0.013799 seconds 
========================================================================
Received Import Request.
  Time since last request: 0.000015 seconds.
  path: Assets/material/uck_tr_cream002_red_alb.png
  artifactKey: Guid(e22335643905b584abf0ef68664a7725) Importer(815301076,1909f56bfc062723c751e8b465ee728b)
Start importing Assets/material/uck_tr_cream002_red_alb.png using Guid(e22335643905b584abf0ef68664a7725) Importer(815301076,1909f56bfc062723c751e8b465ee728b)  -> (artifact id: 'f9580a994addf72e5c29a0e7ab5b6e0f') in 0.014325 seconds 
========================================================================
Received Import Request.
  Time since last request: 0.000026 seconds.
  path: Assets/material/uck_tr_cream002_nrm.png
  artifactKey: Guid(144e32c933f40e549aa1a57c36d34ff6) Importer(815301076,1909f56bfc062723c751e8b465ee728b)
Start importing Assets/material/uck_tr_cream002_nrm.png using Guid(144e32c933f40e549aa1a57c36d34ff6) Importer(815301076,1909f56bfc062723c751e8b465ee728b)  -> (artifact id: 'f9ec901ca6d652531148aed458fad081') in 0.014997 seconds 
========================================================================
Received Import Request.
  Time since last request: 0.194319 seconds.
  path: Assets/material/uck_tr_gate001_alb.png
  artifactKey: Guid(913071a124173304d8f31da2f7aacffb) Importer(815301076,1909f56bfc062723c751e8b465ee728b)
Start importing Assets/material/uck_tr_gate001_alb.png using Guid(913071a124173304d8f31da2f7aacffb) Importer(815301076,1909f56bfc062723c751e8b465ee728b)  -> (artifact id: '33bba79d4c5ac9eccb16d7da0db4e066') in 0.017333 seconds 
========================================================================
Received Import Request.
  Time since last request: 0.000025 seconds.
  path: Assets/material/uck_tr_gate002_spm.png
  artifactKey: Guid(feae07702d0211344a68b36b83799424) Importer(815301076,1909f56bfc062723c751e8b465ee728b)
Start importing Assets/material/uck_tr_gate002_spm.png using Guid(feae07702d0211344a68b36b83799424) Importer(815301076,1909f56bfc062723c751e8b465ee728b)  -> (artifact id: '298354649179e8a3e386a34cecc2b800') in 0.013205 seconds 
========================================================================
Received Import Request.
  Time since last request: 0.000028 seconds.
  path: Assets/material/uck_tr_gate001_trm.png
  artifactKey: Guid(e65c0a3b4ac7c494c91dbcc0f971aeef) Importer(815301076,1909f56bfc062723c751e8b465ee728b)
Start importing Assets/material/uck_tr_gate001_trm.png using Guid(e65c0a3b4ac7c494c91dbcc0f971aeef) Importer(815301076,1909f56bfc062723c751e8b465ee728b)  -> (artifact id: '122401cbb9a9ba882299e78c73a15106') in 0.011744 seconds 
========================================================================
Received Import Request.
  Time since last request: 0.000019 seconds.
  path: Assets/material/uck_tr_package001_nrm.png
  artifactKey: Guid(0d8841e404625084bbaea7f054eaab18) Importer(815301076,1909f56bfc062723c751e8b465ee728b)
Start importing Assets/material/uck_tr_package001_nrm.png using Guid(0d8841e404625084bbaea7f054eaab18) Importer(815301076,1909f56bfc062723c751e8b465ee728b)  -> (artifact id: '76116f876f86698518eedde7ebf2bec3') in 0.013013 seconds 
========================================================================
Received Import Request.
  Time since last request: 0.000019 seconds.
  path: Assets/material/windmillcakep_alb.png
  artifactKey: Guid(1e6edef3e7a6bb14fb5c8c09bc66e8b6) Importer(815301076,1909f56bfc062723c751e8b465ee728b)
Start importing Assets/material/windmillcakep_alb.png using Guid(1e6edef3e7a6bb14fb5c8c09bc66e8b6) Importer(815301076,1909f56bfc062723c751e8b465ee728b)  -> (artifact id: '63940086253f7f7e15ebf05d715eb7ca') in 0.013753 seconds 
========================================================================
Received Import Request.
  Time since last request: 0.000016 seconds.
  path: Assets/material/uck_tr_tunnelsaku001_alb.png
  artifactKey: Guid(4d76691a063f82f418c8cdc1760abc3b) Importer(815301076,1909f56bfc062723c751e8b465ee728b)
Start importing Assets/material/uck_tr_tunnelsaku001_alb.png using Guid(4d76691a063f82f418c8cdc1760abc3b) Importer(815301076,1909f56bfc062723c751e8b465ee728b)  -> (artifact id: 'fc9066fe1c09d003637e88b401d77a70') in 0.013092 seconds 
========================================================================
Received Import Request.
  Time since last request: 0.000019 seconds.
  path: Assets/material/uck_tr_present001_spm.png
  artifactKey: Guid(17ff794bb302fb14db2d5ec4de8f945b) Importer(815301076,1909f56bfc062723c751e8b465ee728b)
Start importing Assets/material/uck_tr_present001_spm.png using Guid(17ff794bb302fb14db2d5ec4de8f945b) Importer(815301076,1909f56bfc062723c751e8b465ee728b)  -> (artifact id: '3c1538652ff8ec7b877748f56e1d9926') in 0.015827 seconds 
Editor requested this worker to shutdown with reason: Scaling down because of idle timeout
AssetImportWorker is now disconnected from the server
Process exiting
Exiting without the bug reporter. Application will terminate with return code 0